Turbo Assembler	 Version 4.1	    02/25/26 17:29:07	    Page 1
keyboard.asm



      1	0000			     .model tiny
      2	0000			     .code
      3				     org 100h
      4
      5	0100			     Start:
      6	0100  B8 3509			     mov ax, 3509h
      7	0103  CD 21			     int 21h
      8	0105  89 1E 014Ar		     mov OriginalOffset, bx
      9	0109  8C C3			     mov bx, es
     10	010B  89 1E 014Cr		     mov OriginalSegment, bx
     11
     12	010F  33 C0			     xor ax, ax
     13	0111  50			     push ax
     14	0112  07			     pop es
     15
     16	0113  FA			     cli
     17	0114  BB 0024			     mov bx, 09h * 4
     18	0117  26: C7 07	0134r		     mov es:[bx], offset Handler
     19	011C  8C C8			     mov ax, cs
     20	011E  26: 89 47	02		     mov es:[bx	+ 2], ax
     21	0122  FB			     sti
     22
     23	0123  B8 3100			     mov ax, 3100h
     24	0126  BA 014Er			     mov dx, offset EOP
     25	0129  D1 EA D1 EA D1 EA	D1+	     shr dx, 4
     26	      EA
     27	0131  42			     inc dx
     28	0132  CD 21			     int 21h
     29
     30	0134			     Handler proc
     31	0134  50			     push ax
     32	0135  53			     push bx
     33	0136  06			     push es
     34
     35	0137  BB B800			     mov bx, 0b800h
     36	013A  53			     push bx
     37	013B  07			     pop es
     38
     39	013C  BB 0370			     mov bx, (5	* 80d +	40d) * 2
     40	013F  B4 05			     mov ah, 05h
     41	0141  E4 60			     in	al, 60h
     42	0143  26: 89 07			     mov es:[bx], ax
     43
     44					     ;in al, 61h
     45					     ;or al, 80h
     46					     ;out 61h, al
     47					     ;and al, not 80h
     48					     ;out 61h, al
     49					     ;mov al, 20h
     50					     ;out 20h, al
     51
     52	0146  07			     pop es
     53	0147  5B			     pop bx
     54	0148  58			     pop ax
     55
     56					     ;iret
     57
Turbo Assembler	 Version 4.1	    02/25/26 17:29:07	    Page 2
keyboard.asm



     58	0149  EA			     db	0eah ; JMP FAR
     59
     60	014A  0000		     OriginalOffset dw 0
     61	014C  0000		     OriginalSegment dw	0
     62
     63	014E				     endp
     64
     65	014E			     EOP:
     66
     67				     end Start
Turbo Assembler	 Version 4.1	    02/25/26 17:29:07	    Page 3
Symbol Table




Symbol Name			  Type	 Value

??DATE				  Text	 "02/25/26"
??FILENAME			  Text	 "keyboard"
??TIME				  Text	 "17:29:07"
??VERSION			  Number 040A
@32BIT				  Text	 0
@CODE				  Text	 DGROUP
@CODESIZE			  Text	 0
@CPU				  Text	 0101H
@CURSEG				  Text	 _TEXT
@DATA				  Text	 DGROUP
@DATASIZE			  Text	 0
@FILENAME			  Text	 KEYBOARD
@INTERFACE			  Text	 000H
@MODEL				  Text	 1
@STACK				  Text	 DGROUP
@WORDSIZE			  Text	 2
EOP				  Near	 DGROUP:014E
HANDLER				  Near	 DGROUP:0134
ORIGINALOFFSET			  Word	 DGROUP:014A
ORIGINALSEGMENT			  Word	 DGROUP:014C
START				  Near	 DGROUP:0100

Groups & Segments		  Bit Size Align  Combine Class

DGROUP				  Group
  _DATA				  16  0000 Word	  Public  DATA
  _TEXT				  16  014E Word	  Public  CODE
